# JRE version: Java(TM) SE Runtime Environment (8.0_66-b17) (build 1.8.0_66-b17)
# Java VM: Java HotSpot(TM) Client VM (25.66-b17 mixed mode windows-x86 )
Heap:
 def new generation   total 39424K, used 13353K [0x04800000, 0x072c0000, 0x0f2a0000)
  eden space 35072K,  38% used [0x04800000, 0x0550a720, 0x06a40000)
  from space 4352K,   0% used [0x06a40000, 0x06a40000, 0x06e80000)
  to   space 4352K,   0% used [0x06e80000, 0x06e80000, 0x072c0000)
 tenured generation   total 87424K, used 11149K [0x0f2a0000, 0x14800000, 0x24800000)
   the space 87424K,  12% used [0x0f2a0000, 0x0fd83750, 0x0fd83800, 0x14800000)
 Metaspace       used 13887K, capacity 14255K, committed 14336K, reserved 14720K
GC Heap History (6 events):
Event: 1.004 GC heap before
{Heap before GC invocations=0 (full 0):
 def new generation   total 39296K, used 34944K [0x04800000, 0x072a0000, 0x0f2a0000)
  eden space 34944K, 100% used [0x04800000, 0x06a20000, 0x06a20000)
  from space 4352K,   0% used [0x06a20000, 0x06a20000, 0x06e60000)
  to   space 4352K,   0% used [0x06e60000, 0x06e60000, 0x072a0000)
 tenured generation   total 87424K, used 0K [0x0f2a0000, 0x14800000, 0x24800000)
   the space 87424K,   0% used [0x0f2a0000, 0x0f2a0000, 0x0f2a0200, 0x14800000)
 Metaspace       used 8391K, capacity 8548K, committed 8704K, reserved 9600K
Event: 1.023 GC heap after
Heap after GC invocations=1 (full 0):
 def new generation   total 39296K, used 4352K [0x04800000, 0x072a0000, 0x0f2a0000)
  eden space 34944K,   0% used [0x04800000, 0x04800000, 0x06a20000)
  from space 4352K, 100% used [0x06e60000, 0x072a0000, 0x072a0000)
  to   space 4352K,   0% used [0x06a20000, 0x06a20000, 0x06e60000)
 tenured generation   total 87424K, used 2052K [0x0f2a0000, 0x14800000, 0x24800000)
   the space 87424K,   2% used [0x0f2a0000, 0x0f4a1380, 0x0f4a1400, 0x14800000)
 Metaspace       used 8391K, capacity 8548K, committed 8704K, reserved 9600K
}
Event: 1.751 GC heap before
{Heap before GC invocations=1 (full 0):
 def new generation   total 39296K, used 39296K [0x04800000, 0x072a0000, 0x0f2a0000)
  eden space 34944K, 100% used [0x04800000, 0x06a20000, 0x06a20000)
  from space 4352K, 100% used [0x06e60000, 0x072a0000, 0x072a0000)
  to   space 4352K,   0% used [0x06a20000, 0x06a20000, 0x06e60000)
 tenured generation   total 87424K, used 2052K [0x0f2a0000, 0x14800000, 0x24800000)
   the space 87424K,   2% used [0x0f2a0000, 0x0f4a1380, 0x0f4a1400, 0x14800000)
 Metaspace       used 11554K, capacity 11883K, committed 11904K, reserved 12672K
Event: 1.775 GC heap after
Heap after GC invocations=2 (full 0):
 def new generation   total 39296K, used 4352K [0x04800000, 0x072a0000, 0x0f2a0000)
  eden space 34944K,   0% used [0x04800000, 0x04800000, 0x06a20000)
  from space 4352K, 100% used [0x06a20000, 0x06e60000, 0x06e60000)
  to   space 4352K,   0% used [0x06e60000, 0x06e60000, 0x072a0000)
 tenured generation   total 87424K, used 8755K [0x0f2a0000, 0x14800000, 0x24800000)
   the space 87424K,  10% used [0x0f2a0000, 0x0fb2cdd0, 0x0fb2ce00, 0x14800000)
 Metaspace       used 11554K, capacity 11883K, committed 11904K, reserved 12672K
}
Event: 2.136 GC heap before
{Heap before GC invocations=2 (full 0):
 def new generation   total 39296K, used 12999K [0x04800000, 0x072a0000, 0x0f2a0000)
  eden space 34944K,  24% used [0x04800000, 0x05071ca0, 0x06a20000)
  from space 4352K, 100% used [0x06a20000, 0x06e60000, 0x06e60000)
  to   space 4352K,   0% used [0x06e60000, 0x06e60000, 0x072a0000)
 tenured generation   total 87424K, used 8755K [0x0f2a0000, 0x14800000, 0x24800000)
   the space 87424K,  10% used [0x0f2a0000, 0x0fb2cdd0, 0x0fb2ce00, 0x14800000)
 Metaspace       used 11935K, capacity 12255K, committed 12288K, reserved 12672K
Event: 2.170 GC heap after
Heap after GC invocations=3 (full 1):
 def new generation   total 39424K, used 0K [0x04800000, 0x072c0000, 0x0f2a0000)
  eden space 35072K,   0% used [0x04800000, 0x04800000, 0x06a40000)
  from space 4352K,   0% used [0x06a40000, 0x06a40000, 0x06e80000)
  to   space 4352K,   0% used [0x06e80000, 0x06e80000, 0x072c0000)
 tenured generation   total 87424K, used 11149K [0x0f2a0000, 0x14800000, 0x24800000)
   the space 87424K,  12% used [0x0f2a0000, 0x0fd83750, 0x0fd83800, 0x14800000)
 Metaspace       used 11935K, capacity 12255K, committed 12288K, reserved 12672K
}

