# JRE version: Java(TM) SE Runtime Environment (8.0_66-b17) (build 1.8.0_66-b17)
# Java VM: Java HotSpot(TM) Client VM (25.66-b17 mixed mode windows-x86 )
Heap:
 def new generation   total 39424K, used 33801K [0x05600000, 0x080c0000, 0x100a0000)
  eden space 35072K,  91% used [0x05600000, 0x0754b350, 0x07840000)
  from space 4352K,  40% used [0x07840000, 0x079f73d0, 0x07c80000)
  to   space 4352K,   0% used [0x07c80000, 0x07c80000, 0x080c0000)
 tenured generation   total 87424K, used 25359K [0x100a0000, 0x15600000, 0x25600000)
   the space 87424K,  29% used [0x100a0000, 0x11963c58, 0x11963e00, 0x15600000)
 Metaspace       used 18183K, capacity 18642K, committed 18688K, reserved 18816K
GC Heap History (10 events):
Event: 151.044 GC heap before
{Heap before GC invocations=4 (full 1):
 def new generation   total 39424K, used 39424K [0x05600000, 0x080c0000, 0x100a0000)
  eden space 35072K, 100% used [0x05600000, 0x07840000, 0x07840000)
  from space 4352K, 100% used [0x07c80000, 0x080c0000, 0x080c0000)
  to   space 4352K,   0% used [0x07840000, 0x07840000, 0x07c80000)
 tenured generation   total 87424K, used 20984K [0x100a0000, 0x15600000, 0x25600000)
   the space 87424K,  24% used [0x100a0000, 0x1151e1e0, 0x1151e200, 0x15600000)
 Metaspace       used 17820K, capacity 18220K, committed 18304K, reserved 18816K
Event: 151.071 GC heap after
Heap after GC invocations=5 (full 1):
 def new generation   total 39424K, used 1787K [0x05600000, 0x080c0000, 0x100a0000)
  eden space 35072K,   0% used [0x05600000, 0x05600000, 0x07840000)
  from space 4352K,  41% used [0x07840000, 0x079fed58, 0x07c80000)
  to   space 4352K,   0% used [0x07c80000, 0x07c80000, 0x080c0000)
 tenured generation   total 87424K, used 23936K [0x100a0000, 0x15600000, 0x25600000)
   the space 87424K,  27% used [0x100a0000, 0x11800328, 0x11800400, 0x15600000)
 Metaspace       used 17820K, capacity 18220K, committed 18304K, reserved 18816K
}
Event: 237.643 GC heap before
{Heap before GC invocations=5 (full 1):
 def new generation   total 39424K, used 36853K [0x05600000, 0x080c0000, 0x100a0000)
  eden space 35072K,  99% used [0x05600000, 0x0783e6c8, 0x07840000)
  from space 4352K,  41% used [0x07840000, 0x079fed58, 0x07c80000)
  to   space 4352K,   0% used [0x07c80000, 0x07c80000, 0x080c0000)
 tenured generation   total 87424K, used 23936K [0x100a0000, 0x15600000, 0x25600000)
   the space 87424K,  27% used [0x100a0000, 0x11800328, 0x11800400, 0x15600000)
 Metaspace       used 18019K, capacity 18445K, committed 18560K, reserved 18816K
Event: 237.649 GC heap after
Heap after GC invocations=6 (full 1):
 def new generation   total 39424K, used 2330K [0x05600000, 0x080c0000, 0x100a0000)
  eden space 35072K,   0% used [0x05600000, 0x05600000, 0x07840000)
  from space 4352K,  53% used [0x07c80000, 0x07ec68d0, 0x080c0000)
  to   space 4352K,   0% used [0x07840000, 0x07840000, 0x07c80000)
 tenured generation   total 87424K, used 23936K [0x100a0000, 0x15600000, 0x25600000)
   the space 87424K,  27% used [0x100a0000, 0x11800328, 0x11800400, 0x15600000)
 Metaspace       used 18019K, capacity 18445K, committed 18560K, reserved 18816K
}
Event: 406.909 GC heap before
{Heap before GC invocations=6 (full 1):
 def new generation   total 39424K, used 37402K [0x05600000, 0x080c0000, 0x100a0000)
  eden space 35072K, 100% used [0x05600000, 0x07840000, 0x07840000)
  from space 4352K,  53% used [0x07c80000, 0x07ec69a0, 0x080c0000)
  to   space 4352K,   0% used [0x07840000, 0x07840000, 0x07c80000)
 tenured generation   total 87424K, used 23936K [0x100a0000, 0x15600000, 0x25600000)
   the space 87424K,  27% used [0x100a0000, 0x11800328, 0x11800400, 0x15600000)
 Metaspace       used 18021K, capacity 18477K, committed 18560K, reserved 18816K
Event: 406.915 GC heap after
Heap after GC invocations=7 (full 1):
 def new generation   total 39424K, used 811K [0x05600000, 0x080c0000, 0x100a0000)
  eden space 35072K,   0% used [0x05600000, 0x05600000, 0x07840000)
  from space 4352K,  18% used [0x07840000, 0x0790aec8, 0x07c80000)
  to   space 4352K,   0% used [0x07c80000, 0x07c80000, 0x080c0000)
 tenured generation   total 87424K, used 25359K [0x100a0000, 0x15600000, 0x25600000)
   the space 87424K,  29% used [0x100a0000, 0x11963c58, 0x11963e00, 0x15600000)
 Metaspace       used 18021K, capacity 18477K, committed 18560K, reserved 18816K
}
Event: 773.703 GC heap before
{Heap before GC invocations=7 (full 1):
 def new generation   total 39424K, used 35883K [0x05600000, 0x080c0000, 0x100a0000)
  eden space 35072K, 100% used [0x05600000, 0x07840000, 0x07840000)
  from space 4352K,  18% used [0x07840000, 0x0790aec8, 0x07c80000)
  to   space 4352K,   0% used [0x07c80000, 0x07c80000, 0x080c0000)
 tenured generation   total 87424K, used 25359K [0x100a0000, 0x15600000, 0x25600000)
   the space 87424K,  29% used [0x100a0000, 0x11963c58, 0x11963e00, 0x15600000)
 Metaspace       used 18021K, capacity 18477K, committed 18560K, reserved 18816K
Event: 773.705 GC heap after
Heap after GC invocations=8 (full 1):
 def new generation   total 39424K, used 677K [0x05600000, 0x080c0000, 0x100a0000)
  eden space 35072K,   0% used [0x05600000, 0x05600000, 0x07840000)
  from space 4352K,  15% used [0x07c80000, 0x07d297b8, 0x080c0000)
  to   space 4352K,   0% used [0x07840000, 0x07840000, 0x07c80000)
 tenured generation   total 87424K, used 25359K [0x100a0000, 0x15600000, 0x25600000)
   the space 87424K,  29% used [0x100a0000, 0x11963c58, 0x11963e00, 0x15600000)
 Metaspace       used 18021K, capacity 18477K, committed 18560K, reserved 18816K
}
Event: 866.774 GC heap before
{Heap before GC invocations=8 (full 1):
 def new generation   total 39424K, used 35749K [0x05600000, 0x080c0000, 0x100a0000)
  eden space 35072K, 100% used [0x05600000, 0x07840000, 0x07840000)
  from space 4352K,  15% used [0x07c80000, 0x07d297b8, 0x080c0000)
  to   space 4352K,   0% used [0x07840000, 0x07840000, 0x07c80000)
 tenured generation   total 87424K, used 25359K [0x100a0000, 0x15600000, 0x25600000)
   the space 87424K,  29% used [0x100a0000, 0x11963c58, 0x11963e00, 0x15600000)
 Metaspace       used 18155K, capacity 18607K, committed 18688K, reserved 18816K
Event: 866.779 GC heap after
Heap after GC invocations=9 (full 1):
 def new generation   total 39424K, used 1756K [0x05600000, 0x080c0000, 0x100a0000)
  eden space 35072K,   0% used [0x05600000, 0x05600000, 0x07840000)
  from space 4352K,  40% used [0x07840000, 0x079f73d0, 0x07c80000)
  to   space 4352K,   0% used [0x07c80000, 0x07c80000, 0x080c0000)
 tenured generation   total 87424K, used 25359K [0x100a0000, 0x15600000, 0x25600000)
   the space 87424K,  29% used [0x100a0000, 0x11963c58, 0x11963e00, 0x15600000)
 Metaspace       used 18155K, capacity 18607K, committed 18688K, reserved 18816K
}

